0 verbose cli C:\Program Files\nodejs\node.exe C:\Users\relax\AppData\Roaming\npm\node_modules\npm\bin\npm-cli.js
1 info using npm@10.9.2
2 info using node@v22.11.0
3 silly config load:file:C:\Users\relax\AppData\Roaming\npm\node_modules\npm\npmrc
4 silly config load:file:c:\Users\relax\OneDrive\Desktop\task extrem solution\github-users\.npmrc
5 silly config load:file:C:\Users\relax\.npmrc
6 silly config load:file:C:\Users\relax\AppData\Roaming\npm\etc\npmrc
7 verbose title npm view @tailwindcss/postcss description dist-tags.latest homepage version time
8 verbose argv "view" "--json" "--" "@tailwindcss/postcss" "description" "dist-tags.latest" "homepage" "version" "time"
9 verbose logfile logs-max:10 dir:c:\Users\relax\OneDrive\Desktop\task extrem solution\github-users\npm-cache\_logs\2025-07-25T15_46_28_182Z-
10 verbose logfile c:\Users\relax\OneDrive\Desktop\task extrem solution\github-users\npm-cache\_logs\2025-07-25T15_46_28_182Z-debug-0.log
11 silly logfile start cleaning logs, removing 1 files
12 silly logfile done cleaning log files
13 http fetch GET 200 https://registry.npmjs.org/@tailwindcss%2fpostcss 8874ms (cache miss)
14 verbose cwd c:\Users\relax\OneDrive\Desktop\task extrem solution\github-users
15 verbose os Windows_NT 10.0.26100
16 verbose node v22.11.0
17 verbose npm  v10.9.2
18 verbose exit 0
19 info ok
